#-----------------------------------------------------------
# Vivado v2017.4 (64-bit)
# SW Build 2086221 on Fri Dec 15 20:55:39 MST 2017
# IP Build 2085800 on Fri Dec 15 22:25:07 MST 2017
# Start of session at: Sat Sep 23 13:57:31 2023
# Process ID: 23196
# Current directory: J:/zynq/PINS_HIGH_CTRL
# Command line: vivado.exe -gui_launcher_event rodinguilauncherevent4924 J:\zynq\PINS_HIGH_CTRL\PINS_HIGH_CTRL.xpr
# Log file: J:/zynq/PINS_HIGH_CTRL/vivado.log
# Journal file: J:/zynq/PINS_HIGH_CTRL\vivado.jou
#-----------------------------------------------------------
start_gui
open_project J:/zynq/PINS_HIGH_CTRL/PINS_HIGH_CTRL.xpr
Scanning sources...
Finished scanning sources
INFO: [IP_Flow 19-234] Refreshing IP repositories
INFO: [IP_Flow 19-1700] Loaded user IP repository 'j:/zynq/IP_LOCATION/custom_ip/ip_repo/pin_ctrl_1.0'.
INFO: [IP_Flow 19-2313] Loaded Vivado IP repository 'F:/Xilinx/Vivado/2017.4/data/ip'.
open_project: Time (s): cpu = 00:00:13 ; elapsed = 00:00:07 . Memory (MB): peak = 857.574 ; gain = 136.391
update_compile_order -fileset sources_1
launch_sdk -workspace J:/zynq/PINS_HIGH_CTRL/PINS_HIGH_CTRL.sdk -hwspec J:/zynq/PINS_HIGH_CTRL/PINS_HIGH_CTRL.sdk/top_wrapper.hdf
INFO: [Vivado 12-393] Launching SDK...
INFO: [Vivado 12-417] Running xsdk -workspace J:/zynq/PINS_HIGH_CTRL/PINS_HIGH_CTRL.sdk -hwspec J:/zynq/PINS_HIGH_CTRL/PINS_HIGH_CTRL.sdk/top_wrapper.hdf
INFO: [Vivado 12-3157] SDK launch initiated. Please check console for any further messages.
exit
INFO: [Common 17-206] Exiting Vivado at Sat Sep 23 13:59:00 2023...
