#-----------------------------------------------------------
# Webtalk v2017.4 (64-bit)
# SW Build 2086221 on Fri Dec 15 20:55:39 MST 2017
# 
# Start of session at: Wed Aug  1 14:50:53 2018
# Process ID: 872
# Current directory: D:/intel_project/AX7015/new/update/03_ps_uart/ps_uart.sdk/webtalk
# Command line: wbtcv.exe -mode batch -source sdk_webtalk.tcl
# Log file: D:/intel_project/AX7015/new/update/03_ps_uart/ps_uart.sdk/webtalk/webtalk.log
# Journal file: D:/intel_project/AX7015/new/update/03_ps_uart/ps_uart.sdk/webtalk\webtalk.jou
#-----------------------------------------------------------
source sdk_webtalk.tcl
# webtalk_init -webtalk_dir D:\\intel_project\\AX7015\\new\\update\\03_ps_uart\\ps_uart.sdk\\webtalk
# webtalk_register_client -client project
# webtalk_add_data -client project -key date_generated -value "2018-08-01 14:50:52" -context "software_version_and_target_device"
# webtalk_add_data -client project -key product_version -value "SDK v2017.4" -context "software_version_and_target_device"
# webtalk_add_data -client project -key build_version -value "2017.4" -context "software_version_and_target_device"
# webtalk_add_data -client project -key os_platform -value "amd64" -context "software_version_and_target_device"
# webtalk_add_data -client project -key registration_id -value "" -context "software_version_and_target_device"
# webtalk_add_data -client project -key tool_flow -value "SDK" -context "software_version_and_target_device"
# webtalk_add_data -client project -key beta -value "false" -context "software_version_and_target_device"
# webtalk_add_data -client project -key route_design -value "NA" -context "software_version_and_target_device"
# webtalk_add_data -client project -key target_family -value "NA" -context "software_version_and_target_device"
# webtalk_add_data -client project -key target_device -value "NA" -context "software_version_and_target_device"
# webtalk_add_data -client project -key target_package -value "NA" -context "software_version_and_target_device"
# webtalk_add_data -client project -key target_speed -value "NA" -context "software_version_and_target_device"
# webtalk_add_data -client project -key random_id -value "bkgf6ds0u89urjtjg464q9tdb9" -context "software_version_and_target_device"
# webtalk_add_data -client project -key project_id -value "2017.4_119" -context "software_version_and_target_device"
# webtalk_add_data -client project -key project_iteration -value "119" -context "software_version_and_target_device"
# webtalk_add_data -client project -key os_name -value "Microsoft Windows 8 or later , 64-bit" -context "user_environment"
# webtalk_add_data -client project -key os_release -value "major release  (build 9200)" -context "user_environment"
# webtalk_add_data -client project -key cpu_name -value "Intel(R) Core(TM) i5-7500 CPU @ 3.40GHz" -context "user_environment"
# webtalk_add_data -client project -key cpu_speed -value "3408 MHz" -context "user_environment"
# webtalk_add_data -client project -key total_processors -value "1" -context "user_environment"
# webtalk_add_data -client project -key system_ram -value "17.042 GB" -context "user_environment"
# webtalk_register_client -client sdk
# webtalk_add_data -client sdk -key uid -value "1533105988222" -context "sdk\\\\bsp/1533105988222"
# webtalk_add_data -client sdk -key hwid -value "1533100306331" -context "sdk\\\\bsp/1533105988222"
# webtalk_add_data -client sdk -key os -value "standalone" -context "sdk\\\\bsp/1533105988222"
# webtalk_add_data -client sdk -key apptemplate -value "zynq_fsbl" -context "sdk\\\\bsp/1533105988222"
# webtalk_add_data -client sdk -key RecordType -value "BSPCreation" -context "sdk\\\\bsp/1533105988222"
# webtalk_add_data -client sdk -key uid -value "1533105996785" -context "sdk\\\\application/1533105996785"
# webtalk_add_data -client sdk -key hwid -value "1533100306331" -context "sdk\\\\application/1533105996785"
# webtalk_add_data -client sdk -key bspid -value "1533105988222" -context "sdk\\\\application/1533105996785"
# webtalk_add_data -client sdk -key newbsp -value "true" -context "sdk\\\\application/1533105996785"
# webtalk_add_data -client sdk -key os -value "standalone" -context "sdk\\\\application/1533105996785"
# webtalk_add_data -client sdk -key apptemplate -value "zynq_fsbl" -context "sdk\\\\application/1533105996785"
# webtalk_add_data -client sdk -key RecordType -value "APPCreation" -context "sdk\\\\application/1533105996785"
# webtalk_add_data -client sdk -key LangUsed -value "C" -context "sdk\\\\application/1533105996785"
# webtalk_add_data -client sdk -key Procused -value "ps7_cortexa9" -context "sdk\\\\application/1533105996785"
# webtalk_add_data -client sdk -key uid -value "NA" -context "sdk\\\\bsp/1533106252237"
# webtalk_add_data -client sdk -key RecordType -value "ToolUsage" -context "sdk\\\\bsp/1533106252237"
# webtalk_add_data -client sdk -key BootgenCount -value "0" -context "sdk\\\\bsp/1533106252237"
# webtalk_add_data -client sdk -key DebugCount -value "0" -context "sdk\\\\bsp/1533106252237"
# webtalk_add_data -client sdk -key PerfCount -value "0" -context "sdk\\\\bsp/1533106252237"
# webtalk_add_data -client sdk -key FlashCount -value "0" -context "sdk\\\\bsp/1533106252237"
# webtalk_add_data -client sdk -key CrossTriggCount -value "0" -context "sdk\\\\bsp/1533106252237"
# webtalk_add_data -client sdk -key QemuDebugCount -value "0" -context "sdk\\\\bsp/1533106252237"
# webtalk_transmit -clientid 4244086010 -regid "" -xml D:\\intel_project\\AX7015\\new\\update\\03_ps_uart\\ps_uart.sdk\\webtalk\\usage_statistics_ext_sdk.xml -html D:\\intel_project\\AX7015\\new\\update\\03_ps_uart\\ps_uart.sdk\\webtalk\\usage_statistics_ext_sdk.html -wdm D:\\intel_project\\AX7015\\new\\update\\03_ps_uart\\ps_uart.sdk\\webtalk\\sdk_webtalk.wdm -intro "<H3>SDK Usage Report</H3><BR>"
webtalk_transmit: Time (s): cpu = 00:00:00 ; elapsed = 00:00:06 . Memory (MB): peak = 52.348 ; gain = 0.117
# webtalk_terminate
INFO: [Common 17-206] Exiting Webtalk at Wed Aug  1 14:51:00 2018...
