Copyright 1986-2017 Xilinx, Inc. All Rights Reserved.
----------------------------------------------------------------------------------------
| Tool Version : Vivado v.2017.4 (win64) Build 2086221 Fri Dec 15 20:55:39 MST 2017
| Date         : Sat Sep 23 19:21:04 2023
| Host         : LAPTOP-7TUI81E5 running 64-bit major release  (build 9200)
| Command      : report_control_sets -verbose -file top_wrapper_control_sets_placed.rpt
| Design       : top_wrapper
| Device       : xc7z020
----------------------------------------------------------------------------------------

Control Set Information

Table of Contents
-----------------
1. Summary
2. Flip-Flop Distribution
3. Detailed Control Set Information

1. Summary
----------

+----------------------------------------------------------+-------+
|                          Status                          | Count |
+----------------------------------------------------------+-------+
| Number of unique control sets                            |    63 |
| Unused register locations in slices containing registers |    78 |
+----------------------------------------------------------+-------+


2. Flip-Flop Distribution
-------------------------

+--------------+-----------------------+------------------------+-----------------+--------------+
| Clock Enable | Synchronous Set/Reset | Asynchronous Set/Reset | Total Registers | Total Slices |
+--------------+-----------------------+------------------------+-----------------+--------------+
| No           | No                    | No                     |             109 |           36 |
| No           | No                    | Yes                    |              80 |           38 |
| No           | Yes                   | No                     |              83 |           28 |
| Yes          | No                    | No                     |             296 |           78 |
| Yes          | No                    | Yes                    |              52 |           25 |
| Yes          | Yes                   | No                     |             310 |           77 |
+--------------+-----------------------+------------------------+-----------------+--------------+


3. Detailed Control Set Information
-----------------------------------

+--------------------------------------------+-----------------------------------------------------------------------------------------------------------------------------------------------------------+-------------------------------------------------------------------------------------------------------------------------------------+------------------+----------------+
|                Clock Signal                |                                                                       Enable Signal                                                                       |                                                           Set/Reset Signal                                                          | Slice Load Count | Bel Load Count |
+--------------------------------------------+-----------------------------------------------------------------------------------------------------------------------------------------------------------+-------------------------------------------------------------------------------------------------------------------------------------+------------------+----------------+
|  top_i/processing_system7_0/inst/FCLK_CLK0 | top_i/ps7_0_axi_periph/s00_couplers/auto_pc/inst/gen_axilite.gen_b2s_conv.axilite_b2s/WR.b_channel_0/bid_fifo_0/bresp_push                                |                                                                                                                                     |                1 |              2 |
|  top_i/processing_system7_0/inst/FCLK_CLK0 | top_i/ps7_0_axi_periph/s00_couplers/auto_pc/inst/gen_axilite.gen_b2s_conv.axilite_b2s/RD.ar_channel_0/ar_cmd_fsm_0/axlen_cnt_reg[4][0]                    | top_i/ps7_0_axi_periph/s00_couplers/auto_pc/inst/gen_axilite.gen_b2s_conv.axilite_b2s/RD.ar_channel_0/ar_cmd_fsm_0/axlen_cnt_reg[7] |                1 |              4 |
|  top_i/processing_system7_0/inst/FCLK_CLK0 |                                                                                                                                                           | top_i/rst_ps7_0_50M/U0/EXT_LPF/lpf_int                                                                                              |                1 |              4 |
|  top_i/processing_system7_0/inst/FCLK_CLK0 |                                                                                                                                                           | top_i/ps7_0_axi_periph/s00_couplers/auto_pc/inst/gen_axilite.gen_b2s_conv.axilite_b2s/SI_REG/ar.ar_pipe/m_valid_i_reg_0             |                3 |              4 |
|  top_i/processing_system7_0/inst/FCLK_CLK0 | top_i/ps7_0_axi_periph/s00_couplers/auto_pc/inst/gen_axilite.gen_b2s_conv.axilite_b2s/WR.aw_channel_0/aw_cmd_fsm_0/E[0]                                   | top_i/ps7_0_axi_periph/s00_couplers/auto_pc/inst/gen_axilite.gen_b2s_conv.axilite_b2s/WR.aw_channel_0/aw_cmd_fsm_0/axlen_cnt_reg[7] |                1 |              4 |
|  top_i/processing_system7_0/inst/FCLK_CLK0 |                                                                                                                                                           | top_i/ps7_0_axi_periph/s00_couplers/auto_pc/inst/gen_axilite.gen_b2s_conv.axilite_b2s/SI_REG/aw.aw_pipe/s_ready_i_reg_0             |                3 |              4 |
|  top_i/processing_system7_0/inst/FCLK_CLK0 | top_i/rst_ps7_0_50M/U0/SEQ/seq_cnt_en                                                                                                                     | top_i/rst_ps7_0_50M/U0/SEQ/SEQ_COUNTER/clear                                                                                        |                1 |              6 |
|  top_i/processing_system7_0/inst/FCLK_CLK0 | top_i/pin_ctrl_0/inst/pin_ctrl_v1_0_S00_AXI_inst/slv_reg0[23]_i_1_n_0                                                                                     | top_i/pin_ctrl_0/inst/pin_ctrl_v1_0_S00_AXI_inst/u_pin_ctrl_sub/pins_out_reg[19]_0                                                  |                1 |              8 |
|  top_i/processing_system7_0/inst/FCLK_CLK0 | top_i/ps7_0_axi_periph/s00_couplers/auto_pc/inst/gen_axilite.gen_b2s_conv.axilite_b2s/WR.aw_channel_0/aw_cmd_fsm_0/wrap_boundary_axaddr_r_reg[0][0]       |                                                                                                                                     |                4 |              8 |
|  top_i/processing_system7_0/inst/FCLK_CLK0 | top_i/pin_ctrl_0/inst/pin_ctrl_v1_0_S00_AXI_inst/slv_reg0[15]_i_1_n_0                                                                                     | top_i/pin_ctrl_0/inst/pin_ctrl_v1_0_S00_AXI_inst/u_pin_ctrl_sub/pins_out_reg[19]_0                                                  |                1 |              8 |
|  top_i/processing_system7_0/inst/FCLK_CLK0 | top_i/pin_ctrl_0/inst/pin_ctrl_v1_0_S00_AXI_inst/slv_reg0[7]_i_1_n_0                                                                                      | top_i/pin_ctrl_0/inst/pin_ctrl_v1_0_S00_AXI_inst/u_pin_ctrl_sub/pins_out_reg[19]_0                                                  |                1 |              8 |
|  top_i/processing_system7_0/inst/FCLK_CLK0 | top_i/pin_ctrl_0/inst/pin_ctrl_v1_0_S00_AXI_inst/slv_reg1[15]_i_1_n_0                                                                                     | top_i/pin_ctrl_0/inst/pin_ctrl_v1_0_S00_AXI_inst/u_pin_ctrl_sub/pins_out_reg[19]_0                                                  |                2 |              8 |
|  top_i/processing_system7_0/inst/FCLK_CLK0 | top_i/pin_ctrl_0/inst/pin_ctrl_v1_0_S00_AXI_inst/slv_reg0[31]_i_1_n_0                                                                                     | top_i/pin_ctrl_0/inst/pin_ctrl_v1_0_S00_AXI_inst/u_pin_ctrl_sub/pins_out_reg[19]_0                                                  |                1 |              8 |
|  top_i/processing_system7_0/inst/FCLK_CLK0 | top_i/pin_ctrl_0/inst/pin_ctrl_v1_0_S00_AXI_inst/slv_reg1[23]_i_1_n_0                                                                                     | top_i/pin_ctrl_0/inst/pin_ctrl_v1_0_S00_AXI_inst/u_pin_ctrl_sub/pins_out_reg[19]_0                                                  |                1 |              8 |
|  top_i/processing_system7_0/inst/FCLK_CLK0 | top_i/pin_ctrl_0/inst/pin_ctrl_v1_0_S00_AXI_inst/slv_reg1[31]_i_1_n_0                                                                                     | top_i/pin_ctrl_0/inst/pin_ctrl_v1_0_S00_AXI_inst/u_pin_ctrl_sub/pins_out_reg[19]_0                                                  |                1 |              8 |
|  top_i/processing_system7_0/inst/FCLK_CLK0 | top_i/pin_ctrl_0/inst/pin_ctrl_v1_0_S00_AXI_inst/slv_reg1[7]_i_1_n_0                                                                                      | top_i/pin_ctrl_0/inst/pin_ctrl_v1_0_S00_AXI_inst/u_pin_ctrl_sub/pins_out_reg[19]_0                                                  |                1 |              8 |
|  top_i/processing_system7_0/inst/FCLK_CLK0 | top_i/pin_ctrl_0/inst/pin_ctrl_v1_0_S00_AXI_inst/slv_reg5[31]_i_1_n_0                                                                                     | top_i/pin_ctrl_0/inst/pin_ctrl_v1_0_S00_AXI_inst/u_pin_ctrl_sub/pins_out_reg[19]_0                                                  |                3 |              8 |
|  top_i/processing_system7_0/inst/FCLK_CLK0 | top_i/pin_ctrl_0/inst/pin_ctrl_v1_0_S00_AXI_inst/slv_reg6[15]_i_1_n_0                                                                                     | top_i/pin_ctrl_0/inst/pin_ctrl_v1_0_S00_AXI_inst/u_pin_ctrl_sub/pins_out_reg[19]_0                                                  |                2 |              8 |
|  top_i/processing_system7_0/inst/FCLK_CLK0 | top_i/pin_ctrl_0/inst/pin_ctrl_v1_0_S00_AXI_inst/slv_reg6[7]_i_1_n_0                                                                                      | top_i/pin_ctrl_0/inst/pin_ctrl_v1_0_S00_AXI_inst/u_pin_ctrl_sub/pins_out_reg[19]_0                                                  |                2 |              8 |
|  top_i/processing_system7_0/inst/FCLK_CLK0 | top_i/pin_ctrl_0/inst/pin_ctrl_v1_0_S00_AXI_inst/slv_reg7[15]_i_1_n_0                                                                                     | top_i/pin_ctrl_0/inst/pin_ctrl_v1_0_S00_AXI_inst/u_pin_ctrl_sub/pins_out_reg[19]_0                                                  |                2 |              8 |
|  top_i/processing_system7_0/inst/FCLK_CLK0 | top_i/pin_ctrl_0/inst/pin_ctrl_v1_0_S00_AXI_inst/slv_reg2[15]_i_1_n_0                                                                                     | top_i/pin_ctrl_0/inst/pin_ctrl_v1_0_S00_AXI_inst/u_pin_ctrl_sub/pins_out_reg[19]_0                                                  |                2 |              8 |
|  top_i/processing_system7_0/inst/FCLK_CLK0 | top_i/pin_ctrl_0/inst/pin_ctrl_v1_0_S00_AXI_inst/slv_reg3[7]_i_1_n_0                                                                                      | top_i/pin_ctrl_0/inst/pin_ctrl_v1_0_S00_AXI_inst/u_pin_ctrl_sub/pins_out_reg[19]_0                                                  |                1 |              8 |
|  top_i/processing_system7_0/inst/FCLK_CLK0 | top_i/pin_ctrl_0/inst/pin_ctrl_v1_0_S00_AXI_inst/slv_reg7[23]_i_1_n_0                                                                                     | top_i/pin_ctrl_0/inst/pin_ctrl_v1_0_S00_AXI_inst/u_pin_ctrl_sub/pins_out_reg[19]_0                                                  |                3 |              8 |
|  top_i/processing_system7_0/inst/FCLK_CLK0 | top_i/pin_ctrl_0/inst/pin_ctrl_v1_0_S00_AXI_inst/slv_reg3[23]_i_1_n_0                                                                                     | top_i/pin_ctrl_0/inst/pin_ctrl_v1_0_S00_AXI_inst/u_pin_ctrl_sub/pins_out_reg[19]_0                                                  |                2 |              8 |
|  top_i/processing_system7_0/inst/FCLK_CLK0 | top_i/pin_ctrl_0/inst/pin_ctrl_v1_0_S00_AXI_inst/slv_reg4[15]_i_1_n_0                                                                                     | top_i/pin_ctrl_0/inst/pin_ctrl_v1_0_S00_AXI_inst/u_pin_ctrl_sub/pins_out_reg[19]_0                                                  |                1 |              8 |
|  top_i/processing_system7_0/inst/FCLK_CLK0 | top_i/pin_ctrl_0/inst/pin_ctrl_v1_0_S00_AXI_inst/slv_reg4[23]_i_1_n_0                                                                                     | top_i/pin_ctrl_0/inst/pin_ctrl_v1_0_S00_AXI_inst/u_pin_ctrl_sub/pins_out_reg[19]_0                                                  |                3 |              8 |
|  top_i/processing_system7_0/inst/FCLK_CLK0 | top_i/pin_ctrl_0/inst/pin_ctrl_v1_0_S00_AXI_inst/slv_reg6[23]_i_1_n_0                                                                                     | top_i/pin_ctrl_0/inst/pin_ctrl_v1_0_S00_AXI_inst/u_pin_ctrl_sub/pins_out_reg[19]_0                                                  |                2 |              8 |
|  top_i/processing_system7_0/inst/FCLK_CLK0 | top_i/pin_ctrl_0/inst/pin_ctrl_v1_0_S00_AXI_inst/slv_reg6[31]_i_1_n_0                                                                                     | top_i/pin_ctrl_0/inst/pin_ctrl_v1_0_S00_AXI_inst/u_pin_ctrl_sub/pins_out_reg[19]_0                                                  |                2 |              8 |
|  top_i/processing_system7_0/inst/FCLK_CLK0 | top_i/pin_ctrl_0/inst/pin_ctrl_v1_0_S00_AXI_inst/slv_reg7[31]_i_1_n_0                                                                                     | top_i/pin_ctrl_0/inst/pin_ctrl_v1_0_S00_AXI_inst/u_pin_ctrl_sub/pins_out_reg[19]_0                                                  |                3 |              8 |
|  top_i/processing_system7_0/inst/FCLK_CLK0 | top_i/pin_ctrl_0/inst/pin_ctrl_v1_0_S00_AXI_inst/slv_reg7[7]_i_1_n_0                                                                                      | top_i/pin_ctrl_0/inst/pin_ctrl_v1_0_S00_AXI_inst/u_pin_ctrl_sub/pins_out_reg[19]_0                                                  |                2 |              8 |
|  top_i/processing_system7_0/inst/FCLK_CLK0 | top_i/pin_ctrl_0/inst/pin_ctrl_v1_0_S00_AXI_inst/slv_reg2[23]_i_1_n_0                                                                                     | top_i/pin_ctrl_0/inst/pin_ctrl_v1_0_S00_AXI_inst/u_pin_ctrl_sub/pins_out_reg[19]_0                                                  |                1 |              8 |
|  top_i/processing_system7_0/inst/FCLK_CLK0 | top_i/pin_ctrl_0/inst/pin_ctrl_v1_0_S00_AXI_inst/slv_reg5[23]_i_1_n_0                                                                                     | top_i/pin_ctrl_0/inst/pin_ctrl_v1_0_S00_AXI_inst/u_pin_ctrl_sub/pins_out_reg[19]_0                                                  |                1 |              8 |
|  top_i/processing_system7_0/inst/FCLK_CLK0 | top_i/pin_ctrl_0/inst/pin_ctrl_v1_0_S00_AXI_inst/slv_reg2[7]_i_1_n_0                                                                                      | top_i/pin_ctrl_0/inst/pin_ctrl_v1_0_S00_AXI_inst/u_pin_ctrl_sub/pins_out_reg[19]_0                                                  |                1 |              8 |
|  top_i/processing_system7_0/inst/FCLK_CLK0 | top_i/pin_ctrl_0/inst/pin_ctrl_v1_0_S00_AXI_inst/slv_reg3[15]_i_1_n_0                                                                                     | top_i/pin_ctrl_0/inst/pin_ctrl_v1_0_S00_AXI_inst/u_pin_ctrl_sub/pins_out_reg[19]_0                                                  |                1 |              8 |
|  top_i/processing_system7_0/inst/FCLK_CLK0 | top_i/pin_ctrl_0/inst/pin_ctrl_v1_0_S00_AXI_inst/slv_reg3[31]_i_1_n_0                                                                                     | top_i/pin_ctrl_0/inst/pin_ctrl_v1_0_S00_AXI_inst/u_pin_ctrl_sub/pins_out_reg[19]_0                                                  |                2 |              8 |
|  top_i/processing_system7_0/inst/FCLK_CLK0 | top_i/pin_ctrl_0/inst/pin_ctrl_v1_0_S00_AXI_inst/slv_reg4[7]_i_1_n_0                                                                                      | top_i/pin_ctrl_0/inst/pin_ctrl_v1_0_S00_AXI_inst/u_pin_ctrl_sub/pins_out_reg[19]_0                                                  |                2 |              8 |
|  top_i/processing_system7_0/inst/FCLK_CLK0 | top_i/pin_ctrl_0/inst/pin_ctrl_v1_0_S00_AXI_inst/slv_reg5[15]_i_1_n_0                                                                                     | top_i/pin_ctrl_0/inst/pin_ctrl_v1_0_S00_AXI_inst/u_pin_ctrl_sub/pins_out_reg[19]_0                                                  |                2 |              8 |
|  top_i/processing_system7_0/inst/FCLK_CLK0 | top_i/pin_ctrl_0/inst/pin_ctrl_v1_0_S00_AXI_inst/slv_reg5[7]_i_1_n_0                                                                                      | top_i/pin_ctrl_0/inst/pin_ctrl_v1_0_S00_AXI_inst/u_pin_ctrl_sub/pins_out_reg[19]_0                                                  |                1 |              8 |
|  top_i/processing_system7_0/inst/FCLK_CLK0 | top_i/pin_ctrl_0/inst/pin_ctrl_v1_0_S00_AXI_inst/slv_reg4[31]_i_1_n_0                                                                                     | top_i/pin_ctrl_0/inst/pin_ctrl_v1_0_S00_AXI_inst/u_pin_ctrl_sub/pins_out_reg[19]_0                                                  |                3 |              8 |
|  top_i/processing_system7_0/inst/FCLK_CLK0 | top_i/pin_ctrl_0/inst/pin_ctrl_v1_0_S00_AXI_inst/slv_reg2[31]_i_1_n_0                                                                                     | top_i/pin_ctrl_0/inst/pin_ctrl_v1_0_S00_AXI_inst/u_pin_ctrl_sub/pins_out_reg[19]_0                                                  |                1 |              8 |
|  top_i/processing_system7_0/inst/FCLK_CLK0 | top_i/ps7_0_axi_periph/s00_couplers/auto_pc/inst/gen_axilite.gen_b2s_conv.axilite_b2s/RD.ar_channel_0/ar_cmd_fsm_0/E[0]                                   |                                                                                                                                     |                5 |              8 |
|  top_i/processing_system7_0/inst/FCLK_CLK0 | top_i/ps7_0_axi_periph/s00_couplers/auto_pc/inst/gen_axilite.gen_b2s_conv.axilite_b2s/RD.ar_channel_0/ar_cmd_fsm_0/axaddr_incr_reg[0][0]                  |                                                                                                                                     |                3 |              8 |
|  top_i/processing_system7_0/inst/FCLK_CLK0 | top_i/ps7_0_axi_periph/s00_couplers/auto_pc/inst/gen_axilite.gen_b2s_conv.axilite_b2s/WR.b_channel_0/mhandshake_r                                         | top_i/ps7_0_axi_periph/s00_couplers/auto_pc/inst/gen_axilite.gen_b2s_conv.axilite_b2s/WR.b_channel_0/bid_fifo_0/SR[0]               |                2 |              8 |
|  top_i/processing_system7_0/inst/FCLK_CLK0 | top_i/ps7_0_axi_periph/s00_couplers/auto_pc/inst/gen_axilite.gen_b2s_conv.axilite_b2s/WR.aw_channel_0/cmd_translator_0/incr_cmd_0/axaddr_incr[11]_i_1_n_0 |                                                                                                                                     |                3 |              8 |
|  top_i/processing_system7_0/inst/FCLK_CLK0 | top_i/ps7_0_axi_periph/s00_couplers/auto_pc/inst/gen_axilite.gen_b2s_conv.axilite_b2s/RD.r_channel_0/r_push_r                                             |                                                                                                                                     |                4 |             13 |
|  top_i/processing_system7_0/inst/FCLK_CLK0 | top_i/ps7_0_axi_periph/s00_couplers/auto_pc/inst/gen_axilite.gen_b2s_conv.axilite_b2s/SI_REG/b.b_pipe/p_1_in                                              |                                                                                                                                     |                2 |             14 |
|  top_i/processing_system7_0/inst/FCLK_CLK0 | top_i/ps7_0_axi_periph/s00_couplers/auto_pc/inst/gen_axilite.gen_b2s_conv.axilite_b2s/SI_REG/b.b_pipe/skid_buffer_reg[0]_0                                |                                                                                                                                     |                3 |             14 |
|  top_i/processing_system7_0/inst/FCLK_CLK0 | top_i/ps7_0_axi_periph/s00_couplers/auto_pc/inst/gen_axilite.gen_b2s_conv.axilite_b2s/WR.aw_channel_0/aw_cmd_fsm_0/b_push                                 |                                                                                                                                     |                3 |             16 |
|  top_i/processing_system7_0/inst/FCLK_CLK0 | top_i/ps7_0_axi_periph/s00_couplers/auto_pc/inst/gen_axilite.gen_b2s_conv.axilite_b2s/RD.ar_channel_0/ar_cmd_fsm_0/axlen_cnt_reg[4][0]                    |                                                                                                                                     |                5 |             17 |
|  top_i/processing_system7_0/inst/FCLK_CLK0 | top_i/ps7_0_axi_periph/s00_couplers/auto_pc/inst/gen_axilite.gen_b2s_conv.axilite_b2s/WR.aw_channel_0/aw_cmd_fsm_0/E[0]                                   |                                                                                                                                     |                7 |             17 |
|  top_i/processing_system7_0/inst/FCLK_CLK0 | top_i/pin_ctrl_0/inst/pin_ctrl_v1_0_S00_AXI_inst/u_pin_ctrl_sub/pins_status[19]_i_1_n_0                                                                   | top_i/pin_ctrl_0/inst/pin_ctrl_v1_0_S00_AXI_inst/u_pin_ctrl_sub/pins_out_reg[19]_0                                                  |                5 |             20 |
|  top_i/processing_system7_0/inst/FCLK_CLK0 | top_i/ps7_0_axi_periph/s00_couplers/auto_pc/inst/gen_axilite.gen_b2s_conv.axilite_b2s/RD.ar_channel_0/ar_cmd_fsm_0/m_payload_i_reg[0]_1[0]                |                                                                                                                                     |                6 |             28 |
|  top_i/processing_system7_0/inst/FCLK_CLK0 | top_i/ps7_0_axi_periph/s00_couplers/auto_pc/inst/gen_axilite.gen_b2s_conv.axilite_b2s/SI_REG/aw.aw_pipe/s_axi_awready                                     |                                                                                                                                     |                9 |             28 |
|  top_i/processing_system7_0/inst/FCLK_CLK0 | top_i/ps7_0_axi_periph/s00_couplers/auto_pc/inst/gen_axilite.gen_b2s_conv.axilite_b2s/SI_REG/ar.ar_pipe/s_axi_arready                                     |                                                                                                                                     |                7 |             28 |
|  top_i/processing_system7_0/inst/FCLK_CLK0 | top_i/ps7_0_axi_periph/s00_couplers/auto_pc/inst/gen_axilite.gen_b2s_conv.axilite_b2s/WR.aw_channel_0/aw_cmd_fsm_0/m_payload_i_reg[0][0]                  |                                                                                                                                     |                4 |             28 |
|  top_i/processing_system7_0/inst/FCLK_CLK0 | top_i/pin_ctrl_0/inst/pin_ctrl_v1_0_S00_AXI_inst/slv_reg1[0]                                                                                              | top_i/pin_ctrl_0/inst/pin_ctrl_v1_0_S00_AXI_inst/u_pin_ctrl_sub/pins_out_reg[19]_0                                                  |               20 |             32 |
|  top_i/processing_system7_0/inst/FCLK_CLK0 | top_i/pin_ctrl_0/inst/pin_ctrl_v1_0_S00_AXI_inst/slv_reg_rden__0                                                                                          | top_i/pin_ctrl_0/inst/pin_ctrl_v1_0_S00_AXI_inst/u_pin_ctrl_sub/pins_out_reg[19]_0                                                  |               18 |             32 |
|  top_i/processing_system7_0/inst/FCLK_CLK0 | top_i/ps7_0_axi_periph/s00_couplers/auto_pc/inst/gen_axilite.gen_b2s_conv.axilite_b2s/RD.r_channel_0/rd_data_fifo_0/wr_en0                                |                                                                                                                                     |                8 |             32 |
|  top_i/processing_system7_0/inst/FCLK_CLK0 | top_i/ps7_0_axi_periph/s00_couplers/auto_pc/inst/gen_axilite.gen_b2s_conv.axilite_b2s/SI_REG/r.r_pipe/p_1_in                                              |                                                                                                                                     |                9 |             45 |
|  top_i/processing_system7_0/inst/FCLK_CLK0 | top_i/ps7_0_axi_periph/s00_couplers/auto_pc/inst/gen_axilite.gen_b2s_conv.axilite_b2s/SI_REG/r.r_pipe/skid_buffer_reg[0]_0                                |                                                                                                                                     |               11 |             45 |
|  top_i/processing_system7_0/inst/FCLK_CLK0 |                                                                                                                                                           | top_i/ps7_0_axi_periph/s00_couplers/auto_pc/inst/gen_axilite.gen_b2s_conv.axilite_b2s/areset_d1                                     |               17 |             59 |
|  top_i/processing_system7_0/inst/FCLK_CLK0 |                                                                                                                                                           | top_i/pin_ctrl_0/inst/pin_ctrl_v1_0_S00_AXI_inst/u_pin_ctrl_sub/pins_out_reg[19]_0                                                  |               42 |             92 |
|  top_i/processing_system7_0/inst/FCLK_CLK0 |                                                                                                                                                           |                                                                                                                                     |               37 |            110 |
+--------------------------------------------+-----------------------------------------------------------------------------------------------------------------------------------------------------------+-------------------------------------------------------------------------------------------------------------------------------------+------------------+----------------+


+--------+-----------------------+
| Fanout | Number of ControlSets |
+--------+-----------------------+
| 2      |                     1 |
| 4      |                     5 |
| 6      |                     1 |
| 8      |                    37 |
| 13     |                     1 |
| 14     |                     2 |
| 16+    |                    16 |
+--------+-----------------------+


